Miy 25 Peb 2026 12:01:03 N.U. PST: Sent email for [4] New Jobs: QA Engineer at MrBeast...
Miy 25 Peb 2026 12:08:40 N.U. PST: Sent email for New Job: Senior QA Engineer at Datafied
Miy 25 Peb 2026 12:23:16 N.U. PST: Starting new search cycle...
Miy 25 Peb 2026 12:23:17 N.U. PST: No new jobs found this cycle.
Miy 25 Peb 2026 12:23:17 N.U. PST: Search finished. Sleeping for 3 hours...
Miy 25 Peb 2026 12:25:50 N.U. PST: Starting new search cycle...
Miy 25 Peb 2026 12:25:51 N.U. PST: No new jobs found this cycle.
Miy 25 Peb 2026 12:25:51 N.U. PST: Search finished. Sleeping for 3 hours...
Miy 25 Peb 2026 12:35:02 N.U. PST: Starting new search cycle...
Miy 25 Peb 2026 12:35:06 N.U. PST: Sent email for [2] New Jobs: QA Engineering Manager at Panoptyc...
Miy 25 Peb 2026 12:35:06 N.U. PST: Search finished. Sleeping for 3 hours...
Miy 25 Peb 2026 03:35:06 N.U. PST: Starting new search cycle...
Miy 25 Peb 2026 03:35:07 N.U. PST: No new jobs found this cycle (("QA Lead" OR "Test Lead" OR "QA Manager") AND ("Test Strategy" OR "CI/CD" OR "QAOps") AND Linux).
Miy 25 Peb 2026 03:35:07 N.U. PST: Search finished. Sleeping for 3 hours...
Miy 25 Peb 2026 06:19:07 N.U. PST: Starting new search cycle...
Miy 25 Peb 2026 06:19:07 N.U. PST: No new jobs found this cycle (("QA Lead" OR "Test Lead" OR "QA Manager") AND ("Test Strategy" OR "CI/CD" OR "QAOps") AND Linux).
Miy 25 Peb 2026 06:19:07 N.U. PST: Search finished. Sleeping for 3 hours...
Miy 25 Peb 2026 06:21:27 N.U. PST: Starting new search cycle...
Miy 25 Peb 2026 06:21:27 N.U. PST: No new jobs found this cycle (("QA Lead" OR "Test Lead" OR "QA Manager") AND ("Test Strategy" OR "CI/CD" OR "QAOps") AND Linux).
Miy 25 Peb 2026 06:21:27 N.U. PST: Search finished. Sleeping for 3 hours...
Miy 25 Peb 2026 06:22:41 N.U. PST: Starting new search cycle...
Miy 25 Peb 2026 06:22:42 N.U. PST: No new jobs found this cycle (("QA Lead" OR "Test Lead" OR "QA Manager") AND ("Test Strategy" OR "CI/CD" OR "QAOps") AND Linux).
Miy 25 Peb 2026 06:22:42 N.U. PST: Search finished. Sleeping for 3 hours...
Miy 25 Peb 2026 06:29:03 N.U. PST: Starting new search cycle...
Miy 25 Peb 2026 06:29:03 N.U. PST: No new jobs found this cycle (("QA Lead" OR "Test Lead" OR "QA Manager") AND ("Test Strategy" OR "CI/CD" OR "QAOps") AND Linux).
Miy 25 Peb 2026 06:29:03 N.U. PST: Search finished. Sleeping for 3 hours...
------------------------------------------------
Miy 25 Peb 2026 06:43:16 N.U. PST: Initializing Multi-Portal Search (LinkedIn, JobStreet, Mynimo)...
Miy 25 Peb 2026 06:43:16 N.U. PST: Running Playwright scraper for: ("Senior QA" OR "QA Lead") AND ("Test Strategy" OR "CI/CD") AND Linux
Miy 25 Peb 2026 06:43:19 N.U. PST: INFO - No new jobs found this cycle.
Miy 25 Peb 2026 06:43:19 N.U. PST: Cycle complete. Sleeping for 3 hours...
------------------------------------------------
Miy 25 Peb 2026 07:05:26 N.U. PST: Starting new search cycle...
Miy 25 Peb 2026 07:05:34 N.U. PST: Cycle complete. Sleeping for 3 hours...
------------------------------------------------
Miy 25 Peb 2026 07:12:16 N.U. PST: Starting new search cycle...
Miy 25 Peb 2026 07:12:53 N.U. PST: Cycle complete. Sleeping for 64 minutes...
------------------------------------------------
Miy 25 Peb 2026 07:19:04 N.U. PST: Starting new search cycle...
Miy 25 Peb 2026 07:19:38 N.U. PST: Cycle complete. Sleeping for 64 minutes...
------------------------------------------------
Miy 25 Peb 2026 08:44:41 N.U. PST: Starting new search cycle...
Miy 25 Peb 2026 08:45:15 N.U. PST: Cycle complete. Sleeping for 74 minutes...
------------------------------------------------
Miy 25 Peb 2026 08:52:12 N.U. PST: Starting new search cycle...
Miy 25 Peb 2026 08:52:12 N.U. PST: Running Playwright scraper for: ("QA Lead" OR "QA Manager" OR "Test Lead") AND ("Test Strategy" OR "CI/CD" OR Docker OR Jenkins) AND Linux
Miy 25 Peb 2026 08:52:45 N.U. PST: INFO - No new jobs found this cycle.
Miy 25 Peb 2026 08:52:45 N.U. PST: Cycle complete. Sleeping for 60 minutes...
------------------------------------------------
Miy 25 Peb 2026 08:10:54 N.H. PST: Starting new search cycle...
Miy 25 Peb 2026 08:10:54 N.H. PST: Running Playwright scraper for: ("QA Lead" OR "QA Manager" OR "Test Lead") AND ("Test Strategy" OR "CI/CD" OR Docker OR Jenkins) AND Linux
Miy 25 Peb 2026 08:11:31 N.H. PST: INFO - No new jobs found this cycle.
Miy 25 Peb 2026 08:11:31 N.H. PST: Cycle complete. Sleeping for 66 minutes...
------------------------------------------------
Miy 25 Peb 2026 08:51:05 N.H. PST: Initializing Multi-Portal Search (LinkedIn, Indeed, JobStreet, Mynimo)...
Miy 25 Peb 2026 08:51:05 N.H. PST: Running Playwright scraper for: ("QA Lead" OR "QA Manager" OR "Test Lead") AND ("Test Strategy" OR "CI/CD" OR Docker OR Jenkins) AND Linux
Miy 25 Peb 2026 08:51:55 N.H. PST: INFO - No new jobs found this cycle.
Miy 25 Peb 2026 08:51:55 N.H. PST: Cycle complete. Sleeping for 64 minutes...
------------------------------------------------
Miy 25 Peb 2026 09:01:18 N.H. PST: Starting Search Cycle (LinkedIn, Indeed, JobStreet, Mynimo)...
Miy 25 Peb 2026 09:01:18 N.H. PST: Strategy: QAOps/Linux Specialist. Highlight Bash automation and Linux daily-driver background.
Miy 25 Peb 2026 09:01:18 N.H. PST: Running Scraper for: ("Senior QA" OR "Automation Engineer") AND (Bash OR Shell OR Linux OR DevOps) AND (Contract OR Remote)
Miy 25 Peb 2026 09:02:12 N.H. PST: SUCCESS - Sent email for 21 jobs.
Miy 25 Peb 2026 09:02:12 N.H. PST: Sleeping for 57 minutes...
------------------------------------------------
Miy 25 Peb 2026 09:17:31 N.H. PST: Starting new search cycle...
Miy 25 Peb 2026 09:17:31 N.H. PST: Running Playwright scraper for: ("QA Lead" OR "QA Manager" OR "Test Lead") AND ("Test Strategy" OR "CI/CD" OR Docker OR Jenkins) AND Linux
------------------------------------------------
Miy 25 Peb 2026 09:18:02 N.H. PST: Starting Search Cycle (LinkedIn, Indeed, JobStreet, Mynimo)...
Miy 25 Peb 2026 09:18:02 N.H. PST: Strategy: QAOps/Linux Specialist. Highlight Bash automation and Linux daily-driver background.
Miy 25 Peb 2026 09:18:02 N.H. PST: Running Scraper for: ("Senior QA" OR "Automation Engineer") AND (Bash OR Shell OR Linux OR DevOps) AND (Contract OR Remote)
Miy 25 Peb 2026 09:18:59 N.H. PST: SUCCESS - Sent email for 22 jobs.
Miy 25 Peb 2026 09:18:59 N.H. PST: Sleeping for 69 minutes...
------------------------------------------------
Miy 25 Peb 2026 10:27:59 N.H. PST: Starting Search Cycle (LinkedIn, Indeed, JobStreet, Mynimo)...
Miy 25 Peb 2026 10:27:59 N.H. PST: Strategy: QAOps/Linux Specialist. Highlight Bash automation and Linux daily-driver background.
Miy 25 Peb 2026 10:27:59 N.H. PST: Running Scraper for: ("Senior QA" OR "Automation Engineer") AND (Bash OR Shell OR Linux OR DevOps) AND (Contract OR Remote)
Miy 25 Peb 2026 10:28:53 N.H. PST: SUCCESS - Sent email for 21 jobs.
Miy 25 Peb 2026 10:28:53 N.H. PST: Sleeping for 64 minutes...
------------------------------------------------
Miy 25 Peb 2026 11:32:53 N.H. PST: Starting Search Cycle (LinkedIn, Indeed, JobStreet, Mynimo)...
Miy 25 Peb 2026 11:32:53 N.H. PST: Strategy: QAOps/Linux Specialist. Highlight Bash automation and Linux daily-driver background.
Miy 25 Peb 2026 11:32:53 N.H. PST: Running Scraper for: ("Senior QA" OR "Automation Engineer") AND (Bash OR Shell OR Linux OR DevOps) AND (Contract OR Remote)
Miy 25 Peb 2026 11:33:53 N.H. PST: SUCCESS - Sent email for 21 jobs.
Miy 25 Peb 2026 11:33:53 N.H. PST: Sleeping for 67 minutes...
------------------------------------------------
Huw 26 Peb 2026 12:40:53 N.U. PST: Starting Search Cycle (LinkedIn, Indeed, JobStreet, Mynimo)...
Huw 26 Peb 2026 12:40:53 N.U. PST: Strategy: Domain Expert. Emphasize legacy systems (NCR/Lexmark) and complex business logic (Aktus).
Huw 26 Peb 2026 12:40:53 N.U. PST: Running Scraper for: ("Senior QA" OR "Software Tester") AND (Payroll OR POS OR Salesforce OR "E-commerce") AND (Contract OR Remote)
Huw 26 Peb 2026 12:41:41 N.U. PST: SUCCESS - Sent email for 4 jobs.
Huw 26 Peb 2026 12:41:41 N.U. PST: Sleeping for 65 minutes...
------------------------------------------------
Huw 26 Peb 2026 01:46:41 N.U. PST: Starting Search Cycle (LinkedIn, Indeed, JobStreet, Mynimo)...
Huw 26 Peb 2026 01:46:41 N.U. PST: Strategy: Domain Expert. Emphasize legacy systems (NCR/Lexmark) and complex business logic (Aktus).
Huw 26 Peb 2026 01:46:41 N.U. PST: Running Scraper for: ("Senior QA" OR "Software Tester") AND (Payroll OR POS OR Salesforce OR "E-commerce") AND (Contract OR Remote)
Huw 26 Peb 2026 01:47:35 N.U. PST: SUCCESS - Sent email for 4 jobs.
Huw 26 Peb 2026 01:47:35 N.U. PST: Sleeping for 55 minutes...
------------------------------------------------
Huw 26 Peb 2026 02:42:35 N.U. PST: Starting Search Cycle (LinkedIn, Indeed, JobStreet, Mynimo)...
Huw 26 Peb 2026 02:42:35 N.U. PST: Strategy: Domain Expert. Emphasize legacy systems (NCR/Lexmark) and complex business logic (Aktus).
Huw 26 Peb 2026 02:42:35 N.U. PST: Running Scraper for: ("Senior QA" OR "Software Tester") AND (Payroll OR POS OR Salesforce OR "E-commerce") AND (Contract OR Remote)
Huw 26 Peb 2026 02:43:30 N.U. PST: SUCCESS - Sent email for 4 jobs.
Huw 26 Peb 2026 02:43:30 N.U. PST: Sleeping for 59 minutes...
------------------------------------------------
Huw 26 Peb 2026 03:42:30 N.U. PST: Starting Search Cycle (LinkedIn, Indeed, JobStreet, Mynimo)...
Huw 26 Peb 2026 03:42:30 N.U. PST: Strategy: Domain Expert. Emphasize legacy systems (NCR/Lexmark) and complex business logic (Aktus).
Huw 26 Peb 2026 03:42:30 N.U. PST: Running Scraper for: ("Senior QA" OR "Software Tester") AND (Payroll OR POS OR Salesforce OR "E-commerce") AND (Contract OR Remote)
Huw 26 Peb 2026 03:43:25 N.U. PST: SUCCESS - Sent email for 4 jobs.
Huw 26 Peb 2026 03:43:25 N.U. PST: Sleeping for 64 minutes...
------------------------------------------------
Huw 26 Peb 2026 04:47:25 N.U. PST: Starting Search Cycle (LinkedIn, Indeed, JobStreet, Mynimo)...
Huw 26 Peb 2026 04:47:25 N.U. PST: Strategy: Domain Expert. Emphasize legacy systems (NCR/Lexmark) and complex business logic (Aktus).
Huw 26 Peb 2026 04:47:25 N.U. PST: Running Scraper for: ("Senior QA" OR "Software Tester") AND (Payroll OR POS OR Salesforce OR "E-commerce") AND (Contract OR Remote)
Huw 26 Peb 2026 04:48:25 N.U. PST: SUCCESS - Sent email for 4 jobs.
Huw 26 Peb 2026 04:48:25 N.U. PST: Sleeping for 70 minutes...
------------------------------------------------
Huw 26 Peb 2026 05:58:25 N.U. PST: Starting Search Cycle (LinkedIn, Indeed, JobStreet, Mynimo)...
Huw 26 Peb 2026 05:58:25 N.U. PST: Strategy: Domain Expert. Emphasize legacy systems (NCR/Lexmark) and complex business logic (Aktus).
Huw 26 Peb 2026 05:58:25 N.U. PST: Running Scraper for: ("Senior QA" OR "Software Tester") AND (Payroll OR POS OR Salesforce OR "E-commerce") AND (Contract OR Remote)
Huw 26 Peb 2026 05:59:19 N.U. PST: SUCCESS - Sent email for 4 jobs.
Huw 26 Peb 2026 05:59:19 N.U. PST: Sleeping for 60 minutes...
------------------------------------------------
Huw 26 Peb 2026 06:51:34 N.U. PST: Starting Search Cycle (LinkedIn, Indeed, JobStreet, Mynimo)...
Huw 26 Peb 2026 06:51:34 N.U. PST: Strategy: Domain Expert. Emphasize legacy systems (NCR/Lexmark) and complex business logic (Aktus).
Huw 26 Peb 2026 06:51:34 N.U. PST: Running Scraper for: ("Senior QA" OR "Software Tester") AND (Payroll OR POS OR Salesforce OR "E-commerce") AND (Contract OR Remote)
Huw 26 Peb 2026 06:52:49 N.U. PST: SUCCESS - Sent email for 4 jobs.
Huw 26 Peb 2026 06:52:49 N.U. PST: Sleeping for 61 minutes...
------------------------------------------------
Huw 26 Peb 2026 07:43:08 N.U. PST: Starting Search Cycle (LinkedIn, Indeed, JobStreet, Mynimo)...
Huw 26 Peb 2026 07:43:08 N.U. PST: Strategy: Domain Expert. Emphasize legacy systems (NCR/Lexmark) and complex business logic (Aktus).
Huw 26 Peb 2026 07:43:08 N.U. PST: Running Scraper for: ("Senior QA" OR "Software Tester") AND (Payroll OR POS OR Salesforce OR "E-commerce") AND (Contract OR Remote)
Huw 26 Peb 2026 07:44:13 N.U. PST: SUCCESS - Sent email for 4 jobs.
Huw 26 Peb 2026 07:44:13 N.U. PST: Sleeping for 67 minutes...
------------------------------------------------
Biy 27 Peb 2026 06:08:13 N.U. PST: Starting Search Cycle (LinkedIn, Indeed, JobStreet, Mynimo)...
------------------------------------------------
Biy 27 Peb 2026 06:09:05 N.U. PST: Starting Search Cycle (LinkedIn, Indeed, JobStreet, Mynimo)...
------------------------------------------------
Biy 27 Peb 2026 06:09:38 N.U. PST: Starting Search Cycle (LinkedIn, Indeed, JobStreet, Mynimo)...
------------------------------------------------
Biy 27 Peb 2026 06:10:13 N.U. PST: Starting Search Cycle (LinkedIn, Indeed, JobStreet, Mynimo)...
------------------------------------------------
Biy 27 Peb 2026 06:10:46 N.U. PST: Starting Search Cycle (LinkedIn, Indeed, JobStreet, Mynimo)...
------------------------------------------------
Biy 27 Peb 2026 06:11:20 N.U. PST: Starting Search Cycle (LinkedIn, Indeed, JobStreet, Mynimo)...
------------------------------------------------
Biy 27 Peb 2026 06:11:53 N.U. PST: Starting Search Cycle (LinkedIn, Indeed, JobStreet, Mynimo)...
------------------------------------------------
Biy 27 Peb 2026 06:12:27 N.U. PST: Starting Search Cycle (LinkedIn, Indeed, JobStreet, Mynimo)...
------------------------------------------------
Biy 27 Peb 2026 06:13:00 N.U. PST: Starting Search Cycle (LinkedIn, Indeed, JobStreet, Mynimo)...
------------------------------------------------
Biy 27 Peb 2026 06:13:33 N.U. PST: Starting Search Cycle (LinkedIn, Indeed, JobStreet, Mynimo)...
------------------------------------------------
Biy 27 Peb 2026 06:14:07 N.U. PST: Starting Search Cycle (LinkedIn, Indeed, JobStreet, Mynimo)...
------------------------------------------------
Biy 27 Peb 2026 06:14:41 N.U. PST: Starting Search Cycle (LinkedIn, Indeed, JobStreet, Mynimo)...
------------------------------------------------
Biy 27 Peb 2026 06:15:14 N.U. PST: Starting Search Cycle (LinkedIn, Indeed, JobStreet, Mynimo)...
------------------------------------------------
Biy 27 Peb 2026 06:15:47 N.U. PST: Starting Search Cycle (LinkedIn, Indeed, JobStreet, Mynimo)...
------------------------------------------------
Biy 27 Peb 2026 06:16:21 N.U. PST: Starting Search Cycle (LinkedIn, Indeed, JobStreet, Mynimo)...
------------------------------------------------
Biy 27 Peb 2026 06:16:54 N.U. PST: Starting Search Cycle (LinkedIn, Indeed, JobStreet, Mynimo)...
------------------------------------------------
Biy 27 Peb 2026 06:17:27 N.U. PST: Starting Search Cycle (LinkedIn, Indeed, JobStreet, Mynimo)...
------------------------------------------------
Biy 27 Peb 2026 06:18:00 N.U. PST: Starting Search Cycle (LinkedIn, Indeed, JobStreet, Mynimo)...
------------------------------------------------
Biy 27 Peb 2026 06:18:34 N.U. PST: Starting Search Cycle (LinkedIn, Indeed, JobStreet, Mynimo)...
------------------------------------------------
Biy 27 Peb 2026 06:19:07 N.U. PST: Starting Search Cycle (LinkedIn, Indeed, JobStreet, Mynimo)...
------------------------------------------------
Biy 27 Peb 2026 06:19:41 N.U. PST: Starting Search Cycle (LinkedIn, Indeed, JobStreet, Mynimo)...
------------------------------------------------
Biy 27 Peb 2026 06:20:14 N.U. PST: Starting Search Cycle (LinkedIn, Indeed, JobStreet, Mynimo)...
------------------------------------------------
Biy 27 Peb 2026 06:20:48 N.U. PST: Starting Search Cycle (LinkedIn, Indeed, JobStreet, Mynimo)...
------------------------------------------------
Biy 27 Peb 2026 06:21:22 N.U. PST: Starting Search Cycle (LinkedIn, Indeed, JobStreet, Mynimo)...
------------------------------------------------
Biy 27 Peb 2026 06:21:55 N.U. PST: Starting Search Cycle (LinkedIn, Indeed, JobStreet, Mynimo)...
------------------------------------------------
Biy 27 Peb 2026 06:22:29 N.U. PST: Starting Search Cycle (LinkedIn, Indeed, JobStreet, Mynimo)...
------------------------------------------------
Biy 27 Peb 2026 06:23:02 N.U. PST: Starting Search Cycle (LinkedIn, Indeed, JobStreet, Mynimo)...
------------------------------------------------
Biy 27 Peb 2026 06:23:36 N.U. PST: Starting Search Cycle (LinkedIn, Indeed, JobStreet, Mynimo)...
------------------------------------------------
Biy 27 Peb 2026 06:24:09 N.U. PST: Starting Search Cycle (LinkedIn, Indeed, JobStreet, Mynimo)...
------------------------------------------------
Biy 27 Peb 2026 06:24:42 N.U. PST: Starting Search Cycle (LinkedIn, Indeed, JobStreet, Mynimo)...
------------------------------------------------
Biy 27 Peb 2026 06:25:15 N.U. PST: Starting Search Cycle (LinkedIn, Indeed, JobStreet, Mynimo)...
------------------------------------------------
Biy 27 Peb 2026 06:25:49 N.U. PST: Starting Search Cycle (LinkedIn, Indeed, JobStreet, Mynimo)...
------------------------------------------------
Biy 27 Peb 2026 06:26:22 N.U. PST: Starting Search Cycle (LinkedIn, Indeed, JobStreet, Mynimo)...
------------------------------------------------
Biy 27 Peb 2026 06:26:55 N.U. PST: Starting Search Cycle (LinkedIn, Indeed, JobStreet, Mynimo)...
------------------------------------------------
Biy 27 Peb 2026 06:27:28 N.U. PST: Starting Search Cycle (LinkedIn, Indeed, JobStreet, Mynimo)...
------------------------------------------------
Biy 27 Peb 2026 06:28:02 N.U. PST: Starting Search Cycle (LinkedIn, Indeed, JobStreet, Mynimo)...
------------------------------------------------
Biy 27 Peb 2026 06:28:35 N.U. PST: Starting Search Cycle (LinkedIn, Indeed, JobStreet, Mynimo)...
------------------------------------------------
Biy 27 Peb 2026 06:29:08 N.U. PST: Starting Search Cycle (LinkedIn, Indeed, JobStreet, Mynimo)...
------------------------------------------------
Biy 27 Peb 2026 06:29:42 N.U. PST: Starting Search Cycle (LinkedIn, Indeed, JobStreet, Mynimo)...
------------------------------------------------
Biy 27 Peb 2026 06:30:16 N.U. PST: Starting Search Cycle (LinkedIn, Indeed, JobStreet, Mynimo)...
------------------------------------------------
Biy 27 Peb 2026 06:30:49 N.U. PST: Starting Search Cycle (LinkedIn, Indeed, JobStreet, Mynimo)...
------------------------------------------------
Biy 27 Peb 2026 06:31:23 N.U. PST: Starting Search Cycle (LinkedIn, Indeed, JobStreet, Mynimo)...
------------------------------------------------
Biy 27 Peb 2026 06:31:57 N.U. PST: Starting Search Cycle (LinkedIn, Indeed, JobStreet, Mynimo)...
------------------------------------------------
Biy 27 Peb 2026 06:32:30 N.U. PST: Starting Search Cycle (LinkedIn, Indeed, JobStreet, Mynimo)...
------------------------------------------------
Biy 27 Peb 2026 06:33:04 N.U. PST: Starting Search Cycle (LinkedIn, Indeed, JobStreet, Mynimo)...
------------------------------------------------
Biy 27 Peb 2026 10:53:35 N.H. PST: Starting Search Cycle (LinkedIn, Indeed, JobStreet, Mynimo)...
------------------------------------------------
Biy 27 Peb 2026 10:54:08 N.H. PST: Starting Search Cycle (LinkedIn, Indeed, JobStreet, Mynimo)...
------------------------------------------------
Biy 27 Peb 2026 10:54:41 N.H. PST: Starting Search Cycle (LinkedIn, Indeed, JobStreet, Mynimo)...
------------------------------------------------
Biy 27 Peb 2026 10:55:15 N.H. PST: Starting Search Cycle (LinkedIn, Indeed, JobStreet, Mynimo)...
------------------------------------------------
Biy 27 Peb 2026 10:55:48 N.H. PST: Starting Search Cycle (LinkedIn, Indeed, JobStreet, Mynimo)...
------------------------------------------------
Biy 27 Peb 2026 10:56:22 N.H. PST: Starting Search Cycle (LinkedIn, Indeed, JobStreet, Mynimo)...
------------------------------------------------
Biy 27 Peb 2026 10:56:41 N.H. PST: Starting Search Cycle (LinkedIn, Indeed, JobStreet, Mynimo)...
------------------------------------------------
Biy 27 Peb 2026 10:56:55 N.H. PST: Starting Search Cycle (LinkedIn, Indeed, JobStreet, Mynimo)...
------------------------------------------------
Biy 27 Peb 2026 10:57:29 N.H. PST: Starting Search Cycle (LinkedIn, Indeed, JobStreet, Mynimo)...
------------------------------------------------
Biy 27 Peb 2026 10:58:02 N.H. PST: Starting Search Cycle (LinkedIn, Indeed, JobStreet, Mynimo)...
------------------------------------------------
Biy 27 Peb 2026 10:58:36 N.H. PST: Starting Search Cycle (LinkedIn, Indeed, JobStreet, Mynimo)...
------------------------------------------------
Biy 27 Peb 2026 10:59:09 N.H. PST: Starting Search Cycle (LinkedIn, Indeed, JobStreet, Mynimo)...
------------------------------------------------
Biy 27 Peb 2026 10:59:42 N.H. PST: Starting Search Cycle (LinkedIn, Indeed, JobStreet, Mynimo)...
Biy 27 Peb 2026 10:59:42 N.H. PST: Strategy: QAOps/Linux Specialist - CONTRACT/REMOTE ONLY
Biy 27 Peb 2026 10:59:42 N.H. PST: Running Scraper for: ("Senior QA" OR "Automation Engineer") AND (Bash OR Shell OR Linux OR DevOps) AND (Contract OR Remote OR Part-time OR Freelance) NOT ("Full-time" OR Permanent)
------------------------------------------------
Biy 27 Peb 2026 10:59:43 N.H. PST: Starting Search Cycle (LinkedIn, Indeed, JobStreet, Mynimo)...
Biy 27 Peb 2026 10:59:43 N.H. PST: Strategy: QAOps/Linux Specialist - CONTRACT/REMOTE ONLY
Biy 27 Peb 2026 10:59:43 N.H. PST: Running Scraper for: ("Senior QA" OR "Automation Engineer") AND (Bash OR Shell OR Linux OR DevOps) AND (Contract OR Remote OR Part-time OR Freelance) NOT ("Full-time" OR Permanent)
Biy 27 Peb 2026 11:00:31 N.H. PST: SUCCESS - Sent email for 17 jobs.
Biy 27 Peb 2026 11:00:31 N.H. PST: Sleeping for 66 minutes...
Biy 27 Peb 2026 11:00:35 N.H. PST: SUCCESS - Sent email for 17 jobs.
Biy 27 Peb 2026 11:00:35 N.H. PST: Sleeping for 60 minutes...
------------------------------------------------
Biy 27 Peb 2026 11:04:24 N.H. PST: Starting Search Cycle (LinkedIn, Indeed, JobStreet, Mynimo)...
Biy 27 Peb 2026 11:04:24 N.H. PST: Strategy: QAOps/Linux Specialist - CONTRACT/REMOTE ONLY
Biy 27 Peb 2026 11:04:24 N.H. PST: Running Scraper for: ("Senior QA" OR "Automation Engineer") AND (Bash OR Shell OR Linux OR DevOps) AND (Contract OR Remote OR Part-time OR Freelance) NOT ("Full-time" OR Permanent)
Biy 27 Peb 2026 11:05:24 N.H. PST: SUCCESS - Sent email for 17 jobs.
Biy 27 Peb 2026 11:05:24 N.H. PST: Sleeping for 64 minutes...
------------------------------------------------
Sab 28 Peb 2026 12:09:24 N.U. PST: Starting Search Cycle (LinkedIn, Indeed, JobStreet, Mynimo)...
Sab 28 Peb 2026 12:09:24 N.U. PST: Strategy: Domain Expert - CONTRACT/REMOTE ONLY
Sab 28 Peb 2026 12:09:24 N.U. PST: Running Scraper for: ("Senior QA" OR "Software Tester") AND (Payroll OR POS OR Salesforce OR "E-commerce") AND (Contract OR Remote OR Part-time OR Freelance) NOT ("Full-time" OR Permanent)
Sab 28 Peb 2026 12:10:15 N.U. PST: SUCCESS - Sent email for 3 jobs.
Sab 28 Peb 2026 12:10:15 N.U. PST: Sleeping for 58 minutes...
------------------------------------------------
Lin 01 Mar 2026 05:35:23 N.H. PST: Starting Search Cycle (LinkedIn, Indeed, JobStreet, Mynimo)...
Lin 01 Mar 2026 05:35:23 N.H. PST: Strategy: SDET Specialist. Focus on Cypress/Python frameworks - CONTRACT/REMOTE ONLY
Lin 01 Mar 2026 05:35:23 N.H. PST: Running Scraper for: ("Senior QA" OR SDET) AND (Python OR Cypress) AND (Selenium OR Postman OR API) AND (Contract OR Remote OR Part-time OR Freelance) NOT ("Full-time" OR Permanent)
Lin 01 Mar 2026 05:36:26 N.H. PST: SUCCESS - Sent email for 15 jobs.
Lin 01 Mar 2026 05:36:26 N.H. PST: Sleeping for 61 minutes...
------------------------------------------------
Lin 01 Mar 2026 05:40:25 N.H. PST: Starting Search Cycle (LinkedIn, Indeed, JobStreet, Mynimo)...
Lin 01 Mar 2026 05:40:25 N.H. PST: Strategy: SDET Specialist. Focus on Cypress/Python frameworks - CONTRACT/REMOTE ONLY
Lin 01 Mar 2026 05:40:25 N.H. PST: Running Scraper for: ("Senior QA" OR SDET) AND (Python OR Cypress) AND (Selenium OR Postman OR API) AND (Contract OR Remote OR Part-time OR Freelance) NOT ("Full-time" OR Permanent)
Lin 01 Mar 2026 05:41:21 N.H. PST: SUCCESS - Sent email for 15 jobs.
Lin 01 Mar 2026 05:41:21 N.H. PST: Sleeping for 56 minutes...
------------------------------------------------
Lun 02 Mar 2026 05:06:28 N.H. PST: Starting Search Cycle (LinkedIn, Indeed, JobStreet, Mynimo)...
Lun 02 Mar 2026 05:06:28 N.H. PST: Strategy: QAOps/Linux Specialist - CONTRACT/REMOTE ONLY
Lun 02 Mar 2026 05:06:28 N.H. PST: Running Scraper for: ("Senior QA" OR "Automation Engineer") AND (Bash OR Shell OR Linux OR DevOps) AND (Contract OR Remote OR Part-time OR Freelance) NOT ("Full-time" OR Permanent)
------------------------------------------------
Lun 02 Mar 2026 07:18:18 N.H. PST: Starting Search Cycle (LinkedIn, Indeed, JobStreet, Mynimo)...
Lun 02 Mar 2026 07:18:18 N.H. PST: Strategy: QAOps/Linux Specialist - CONTRACT/REMOTE ONLY
Lun 02 Mar 2026 07:18:18 N.H. PST: Running Scraper for: ("Senior QA" OR "Automation Engineer") AND (Bash OR Shell OR Linux OR DevOps) AND (Contract OR Remote OR Part-time OR Freelance) NOT ("Full-time" OR Permanent)
Lun 02 Mar 2026 07:19:18 N.H. PST: SUCCESS - Sent email for 18 jobs.
Lun 02 Mar 2026 07:19:18 N.H. PST: Sleeping for 73 minutes...
------------------------------------------------
Lun 02 Mar 2026 11:41:28 N.H. PST: Starting Search Cycle (LinkedIn, Indeed, JobStreet, Mynimo)...
Lun 02 Mar 2026 11:41:28 N.H. PST: Strategy: QAOps/Linux Specialist - CONTRACT/REMOTE ONLY
Lun 02 Mar 2026 11:41:28 N.H. PST: Running Scraper for: ("Senior QA" OR "Automation Engineer") AND (Bash OR Shell OR Linux OR DevOps) AND (Contract OR Remote OR Part-time OR Freelance) NOT ("Full-time" OR Permanent)
Lun 02 Mar 2026 11:42:17 N.H. PST: SUCCESS - Sent email for 16 jobs.
Lun 02 Mar 2026 11:42:17 N.H. PST: Sleeping for 70 minutes...
------------------------------------------------
Mar 03 Mar 2026 01:01:50 N.U. PST: Starting Search Cycle (LinkedIn, Indeed, JobStreet, Mynimo)...
Mar 03 Mar 2026 01:01:50 N.U. PST: Strategy: Domain Expert - CONTRACT/REMOTE ONLY
Mar 03 Mar 2026 01:01:50 N.U. PST: Running Scraper for: ("Senior QA" OR "Software Tester") AND (Payroll OR POS OR Salesforce OR "E-commerce") AND (Contract OR Remote OR Part-time OR Freelance) NOT ("Full-time" OR Permanent)
Mar 03 Mar 2026 08:10:48 N.U. PST: SUCCESS - Sent email for 3 jobs.
Mar 03 Mar 2026 08:10:48 N.U. PST: Sleeping for 63 minutes...
------------------------------------------------
Miy 04 Mar 2026 11:20:03 N.U. PST: Starting Search Cycle (LinkedIn, Indeed, JobStreet, Mynimo)...
Miy 04 Mar 2026 11:20:03 N.U. PST: Strategy: SDET Specialist. Focus on Cypress/Python frameworks - CONTRACT/REMOTE ONLY
Miy 04 Mar 2026 11:20:03 N.U. PST: Running Scraper for: ("Senior QA" OR SDET) AND (Python OR Cypress) AND (Selenium OR Postman OR API) AND (Contract OR Remote OR Part-time OR Freelance) NOT ("Full-time" OR Permanent)
Miy 04 Mar 2026 11:20:55 N.U. PST: SUCCESS - Sent email for 14 jobs.
Miy 04 Mar 2026 11:20:55 N.U. PST: Sleeping for 64 minutes...
------------------------------------------------
Huw 05 Mar 2026 05:56:45 N.U. PST: Starting Search Cycle (LinkedIn, Indeed, JobStreet, Mynimo)...
Huw 05 Mar 2026 05:56:45 N.U. PST: Strategy: QAOps/Linux Specialist - CONTRACT/REMOTE ONLY
Huw 05 Mar 2026 05:56:45 N.U. PST: Running Scraper for: ("Senior QA" OR "Automation Engineer") AND (Bash OR Shell OR Linux OR DevOps) AND (Contract OR Remote OR Part-time OR Freelance) NOT ("Full-time" OR Permanent)
Huw 05 Mar 2026 05:57:43 N.U. PST: SUCCESS - Sent email for 19 jobs.
Huw 05 Mar 2026 05:57:43 N.U. PST: Sleeping for 59 minutes...
------------------------------------------------
Huw 05 Mar 2026 06:56:43 N.U. PST: Starting Search Cycle (LinkedIn, Indeed, JobStreet, Mynimo)...
Huw 05 Mar 2026 06:56:43 N.U. PST: Strategy: QAOps/Linux Specialist - CONTRACT/REMOTE ONLY
Huw 05 Mar 2026 06:56:43 N.U. PST: Running Scraper for: ("Senior QA" OR "Automation Engineer") AND (Bash OR Shell OR Linux OR DevOps) AND (Contract OR Remote OR Part-time OR Freelance) NOT ("Full-time" OR Permanent)
Huw 05 Mar 2026 06:57:34 N.U. PST: SUCCESS - Sent email for 19 jobs.
Huw 05 Mar 2026 06:57:34 N.U. PST: Sleeping for 65 minutes...
------------------------------------------------
Huw 05 Mar 2026 07:24:59 N.U. PST: Starting Search Cycle (LinkedIn, Indeed, JobStreet, Mynimo)...
Huw 05 Mar 2026 07:24:59 N.U. PST: Strategy: QAOps/Linux Specialist - CONTRACT/REMOTE ONLY
Huw 05 Mar 2026 07:24:59 N.U. PST: Running Scraper for: ("Senior QA" OR "Automation Engineer") AND (Bash OR Shell OR Linux OR DevOps) AND (Contract OR Remote OR Part-time OR Freelance) NOT ("Full-time" OR Permanent)
Huw 05 Mar 2026 07:25:52 N.U. PST: SUCCESS - Sent email for 17 jobs.
Huw 05 Mar 2026 07:25:52 N.U. PST: Sleeping for 72 minutes...
------------------------------------------------
Biy 06 Mar 2026 08:30:52 N.U. PST: Starting Search Cycle (LinkedIn, Indeed, JobStreet, Mynimo)...
Biy 06 Mar 2026 08:30:52 N.U. PST: Strategy: Domain Expert - CONTRACT/REMOTE ONLY
Biy 06 Mar 2026 08:30:52 N.U. PST: Running Scraper for: ("Senior QA" OR "Software Tester") AND (Payroll OR POS OR Salesforce OR "E-commerce") AND (Contract OR Remote OR Part-time OR Freelance) NOT ("Full-time" OR Permanent)
Biy 06 Mar 2026 08:31:58 N.U. PST: SUCCESS - Sent email for 3 jobs.
Biy 06 Mar 2026 08:31:58 N.U. PST: Sleeping for 63 minutes...
------------------------------------------------
Biy 06 Mar 2026 09:34:58 N.U. PST: Starting Search Cycle (LinkedIn, Indeed, JobStreet, Mynimo)...
Biy 06 Mar 2026 09:34:58 N.U. PST: Strategy: Domain Expert - CONTRACT/REMOTE ONLY
Biy 06 Mar 2026 09:34:58 N.U. PST: Running Scraper for: ("Senior QA" OR "Software Tester") AND (Payroll OR POS OR Salesforce OR "E-commerce") AND (Contract OR Remote OR Part-time OR Freelance) NOT ("Full-time" OR Permanent)
Biy 06 Mar 2026 09:35:44 N.U. PST: SUCCESS - Sent email for 3 jobs.
Biy 06 Mar 2026 09:35:44 N.U. PST: Sleeping for 61 minutes...
------------------------------------------------
Sab 07 Mar 2026 09:42:54 N.H. PST: Starting Search Cycle (LinkedIn, Indeed, JobStreet, Mynimo)...
Sab 07 Mar 2026 09:42:54 N.H. PST: Strategy: SDET Specialist. Focus on Cypress/Python frameworks - CONTRACT/REMOTE ONLY
Sab 07 Mar 2026 09:42:54 N.H. PST: Running Scraper for: ("Senior QA" OR SDET) AND (Python OR Cypress) AND (Selenium OR Postman OR API) AND (Contract OR Remote OR Part-time OR Freelance) NOT ("Full-time" OR Permanent)
Sab 07 Mar 2026 09:43:47 N.H. PST: SUCCESS - Sent email for 9 jobs.
Sab 07 Mar 2026 09:43:47 N.H. PST: Sleeping for 62 minutes...
------------------------------------------------
Lin 08 Mar 2026 09:05:17 N.U. PST: Starting Search Cycle (LinkedIn, Indeed, JobStreet, Mynimo)...
Lin 08 Mar 2026 09:05:17 N.U. PST: Strategy: QAOps/Linux Specialist - CONTRACT/REMOTE ONLY
Lin 08 Mar 2026 09:05:17 N.U. PST: Running Scraper for: ("Senior QA" OR "Automation Engineer") AND (Bash OR Shell OR Linux OR DevOps) AND (Contract OR Remote OR Part-time OR Freelance) NOT ("Full-time" OR Permanent)
Lin 08 Mar 2026 09:06:06 N.U. PST: SUCCESS - Sent email for 18 jobs.
Lin 08 Mar 2026 09:06:06 N.U. PST: Sleeping for 66 minutes...
------------------------------------------------
Miy 11 Mar 2026 05:10:29 N.U. PST: Starting Search Cycle (LinkedIn, Indeed, JobStreet, Mynimo)...
Miy 11 Mar 2026 05:10:29 N.U. PST: Strategy: QAOps/Linux Specialist - CONTRACT/REMOTE ONLY
Miy 11 Mar 2026 05:10:29 N.U. PST: Running Scraper for: ("Senior QA" OR "Automation Engineer") AND (Bash OR Shell OR Linux OR DevOps) AND (Contract OR Remote OR Part-time OR Freelance) NOT ("Full-time" OR Permanent)
Miy 11 Mar 2026 05:11:16 N.U. PST: SUCCESS - Sent email for 17 jobs.
Miy 11 Mar 2026 05:11:16 N.U. PST: Sleeping for 64 minutes...
------------------------------------------------
Miy 11 Mar 2026 05:04:09 N.H. PST: Starting Search Cycle (LinkedIn, Indeed, JobStreet, Mynimo)...
Miy 11 Mar 2026 05:04:09 N.H. PST: Strategy: QAOps/Linux Specialist - CONTRACT/REMOTE ONLY
Miy 11 Mar 2026 05:04:09 N.H. PST: Running Scraper for: ("Senior QA" OR "Automation Engineer") AND (Bash OR Shell OR Linux OR DevOps) AND (Contract OR Remote OR Part-time OR Freelance) NOT ("Full-time" OR Permanent)
Miy 11 Mar 2026 05:05:09 N.H. PST: SUCCESS - Sent email for 18 jobs.
Miy 11 Mar 2026 05:05:09 N.H. PST: Sleeping for 70 minutes...
------------------------------------------------
Miy 11 Mar 2026 06:15:09 N.H. PST: Starting Search Cycle (LinkedIn, Indeed, JobStreet, Mynimo)...
Miy 11 Mar 2026 06:15:09 N.H. PST: Strategy: QAOps/Linux Specialist - CONTRACT/REMOTE ONLY
Miy 11 Mar 2026 06:15:09 N.H. PST: Running Scraper for: ("Senior QA" OR "Automation Engineer") AND (Bash OR Shell OR Linux OR DevOps) AND (Contract OR Remote OR Part-time OR Freelance) NOT ("Full-time" OR Permanent)
Miy 11 Mar 2026 06:16:03 N.H. PST: SUCCESS - Sent email for 18 jobs.
Miy 11 Mar 2026 06:16:03 N.H. PST: Sleeping for 74 minutes...
------------------------------------------------
Huw 12 Mar 2026 05:54:06 N.U. PST: Starting Search Cycle (LinkedIn, Indeed, JobStreet, Mynimo)...
Huw 12 Mar 2026 05:54:06 N.U. PST: Strategy: Domain Expert - CONTRACT/REMOTE ONLY
Huw 12 Mar 2026 05:54:06 N.U. PST: Running Scraper for: ("Senior QA" OR "Software Tester") AND (Payroll OR POS OR Salesforce OR "E-commerce") AND (Contract OR Remote OR Part-time OR Freelance) NOT ("Full-time" OR Permanent)
Huw 12 Mar 2026 05:54:58 N.U. PST: SUCCESS - Sent email for 3 jobs.
Huw 12 Mar 2026 05:54:58 N.U. PST: Sleeping for 58 minutes...
------------------------------------------------
Huw 12 Mar 2026 06:15:07 N.U. PST: Starting Search Cycle (LinkedIn, Indeed, JobStreet, Mynimo)...
Huw 12 Mar 2026 06:15:07 N.U. PST: Strategy: Domain Expert - CONTRACT/REMOTE ONLY
Huw 12 Mar 2026 06:15:07 N.U. PST: Running Scraper for: ("Senior QA" OR "Software Tester") AND (Payroll OR POS OR Salesforce OR "E-commerce") AND (Contract OR Remote OR Part-time OR Freelance) NOT ("Full-time" OR Permanent)
------------------------------------------------
Huw 12 Mar 2026 06:17:36 N.U. PST: Starting Search Cycle (LinkedIn, Indeed, JobStreet, Mynimo)...
Huw 12 Mar 2026 06:17:36 N.U. PST: Strategy: Domain Expert - CONTRACT/REMOTE ONLY
Huw 12 Mar 2026 06:17:36 N.U. PST: Running Scraper for: ("Senior QA" OR "Software Tester") AND (Payroll OR POS OR Salesforce OR "E-commerce") AND (Contract OR Remote OR Part-time OR Freelance) NOT ("Full-time" OR Permanent)
Huw 12 Mar 2026 06:18:38 N.U. PST: SUCCESS - Sent email for 3 jobs.
Huw 12 Mar 2026 06:18:38 N.U. PST: Sleeping for 58 minutes...
------------------------------------------------
Huw 12 Mar 2026 12:21:38 N.H. PST: Starting Search Cycle (LinkedIn, Indeed, JobStreet, Mynimo)...
Huw 12 Mar 2026 12:21:38 N.H. PST: Strategy: Domain Expert - CONTRACT/REMOTE ONLY
Huw 12 Mar 2026 12:21:38 N.H. PST: Running Scraper for: ("Senior QA" OR "Software Tester") AND (Payroll OR POS OR Salesforce OR "E-commerce") AND (Contract OR Remote OR Part-time OR Freelance) NOT ("Full-time" OR Permanent)
Huw 12 Mar 2026 12:22:03 N.H. PST: INFO - No new contract/remote matches found.
Huw 12 Mar 2026 12:22:03 N.H. PST: Sleeping for 68 minutes...
------------------------------------------------
Huw 12 Mar 2026 12:23:53 N.H. PST: Starting Search Cycle (LinkedIn, Indeed, JobStreet, Mynimo)...
Huw 12 Mar 2026 12:23:53 N.H. PST: Strategy: Domain Expert - CONTRACT/REMOTE ONLY
Huw 12 Mar 2026 12:23:53 N.H. PST: Running Scraper for: ("Senior QA" OR "Software Tester") AND (Payroll OR POS OR Salesforce OR "E-commerce") AND (Contract OR Remote OR Part-time OR Freelance) NOT ("Full-time" OR Permanent)
Huw 12 Mar 2026 12:24:14 N.H. PST: INFO - No new contract/remote matches found.
Huw 12 Mar 2026 12:24:14 N.H. PST: Sleeping for 68 minutes...
------------------------------------------------
Biy 13 Mar 2026 06:14:03 N.U. PST: Starting Search Cycle (LinkedIn, Indeed, JobStreet, Mynimo)...
Biy 13 Mar 2026 06:14:03 N.U. PST: Strategy: SDET Specialist. Focus on Cypress/Python frameworks - CONTRACT/REMOTE ONLY
Biy 13 Mar 2026 06:14:03 N.U. PST: Running Scraper for: ("Senior QA" OR SDET) AND (Python OR Cypress) AND (Selenium OR Postman OR API) AND (Contract OR Remote OR Part-time OR Freelance) NOT ("Full-time" OR Permanent)
Biy 13 Mar 2026 06:14:30 N.U. PST: INFO - No new contract/remote matches found.
Biy 13 Mar 2026 06:14:30 N.U. PST: Sleeping for 72 minutes...
------------------------------------------------
Biy 13 Mar 2026 06:43:21 N.U. PST: Starting Search Cycle (LinkedIn, Indeed, JobStreet, Mynimo)...
Biy 13 Mar 2026 06:43:21 N.U. PST: Strategy: SDET Specialist. Focus on Cypress/Python frameworks - CONTRACT/REMOTE ONLY
Biy 13 Mar 2026 06:43:21 N.U. PST: Running Scraper for: ("Senior QA" OR SDET) AND (Python OR Cypress) AND (Selenium OR Postman OR API) AND (Contract OR Remote OR Part-time OR Freelance) NOT ("Full-time" OR Permanent)
Biy 13 Mar 2026 06:44:24 N.U. PST: SUCCESS - Sent email for 12 jobs.
Biy 13 Mar 2026 06:44:24 N.U. PST: Sleeping for 58 minutes...
------------------------------------------------
Lin 15 Mar 2026 09:55:51 N.U. PST: Starting Search Cycle (LinkedIn, Indeed, JobStreet, Mynimo)...
Lin 15 Mar 2026 09:55:51 N.U. PST: Strategy: Domain Expert - CONTRACT/REMOTE ONLY
Lin 15 Mar 2026 09:55:51 N.U. PST: Running Scraper for: ("Senior QA" OR "Software Tester") AND (Payroll OR POS OR Salesforce OR "E-commerce") AND (Contract OR Remote OR Part-time OR Freelance) NOT ("Full-time" OR Permanent)
Lin 15 Mar 2026 09:57:15 N.U. PST: SUCCESS - Sent email for 3 jobs.
Lin 15 Mar 2026 09:57:15 N.U. PST: Sleeping for 70 minutes...
------------------------------------------------
Lin 15 Mar 2026 10:31:27 N.U. PST: Starting Search Cycle (LinkedIn, Indeed, JobStreet, Mynimo)...
Lin 15 Mar 2026 10:31:27 N.U. PST: Strategy: Domain Expert - CONTRACT/REMOTE ONLY
Lin 15 Mar 2026 10:31:27 N.U. PST: Running Scraper for: ("Senior QA" OR "Software Tester") AND (Payroll OR POS OR Salesforce OR "E-commerce") AND (Contract OR Remote OR Part-time OR Freelance) NOT ("Full-time" OR Permanent)
Lin 15 Mar 2026 10:32:25 N.U. PST: SUCCESS - Sent email for 3 jobs.
Lin 15 Mar 2026 10:32:25 N.U. PST: Sleeping for 68 minutes...
------------------------------------------------
Lin 15 Mar 2026 11:40:25 N.U. PST: Starting Search Cycle (LinkedIn, Indeed, JobStreet, Mynimo)...
Lin 15 Mar 2026 11:40:25 N.U. PST: Strategy: Domain Expert - CONTRACT/REMOTE ONLY
Lin 15 Mar 2026 11:40:25 N.U. PST: Running Scraper for: ("Senior QA" OR "Software Tester") AND (Payroll OR POS OR Salesforce OR "E-commerce") AND (Contract OR Remote OR Part-time OR Freelance) NOT ("Full-time" OR Permanent)
Lin 15 Mar 2026 11:41:14 N.U. PST: SUCCESS - Sent email for 3 jobs.
Lin 15 Mar 2026 11:41:14 N.U. PST: Sleeping for 58 minutes...
------------------------------------------------
Lin 15 Mar 2026 12:39:14 N.H. PST: Starting Search Cycle (LinkedIn, Indeed, JobStreet, Mynimo)...
Lin 15 Mar 2026 12:39:14 N.H. PST: Strategy: Domain Expert - CONTRACT/REMOTE ONLY
Lin 15 Mar 2026 12:39:14 N.H. PST: Running Scraper for: ("Senior QA" OR "Software Tester") AND (Payroll OR POS OR Salesforce OR "E-commerce") AND (Contract OR Remote OR Part-time OR Freelance) NOT ("Full-time" OR Permanent)
Lin 15 Mar 2026 12:39:15 N.H. PST: INFO - No new contract/remote matches found.
Lin 15 Mar 2026 12:39:15 N.H. PST: Sleeping for 55 minutes...
------------------------------------------------
Lin 15 Mar 2026 01:34:16 N.H. PST: Starting Search Cycle (LinkedIn, Indeed, JobStreet, Mynimo)...
Lin 15 Mar 2026 01:34:16 N.H. PST: Strategy: Domain Expert - CONTRACT/REMOTE ONLY
Lin 15 Mar 2026 01:34:16 N.H. PST: Running Scraper for: ("Senior QA" OR "Software Tester") AND (Payroll OR POS OR Salesforce OR "E-commerce") AND (Contract OR Remote OR Part-time OR Freelance) NOT ("Full-time" OR Permanent)
Lin 15 Mar 2026 01:34:17 N.H. PST: INFO - No new contract/remote matches found.
Lin 15 Mar 2026 01:34:17 N.H. PST: Sleeping for 70 minutes...
------------------------------------------------
Lin 15 Mar 2026 06:35:54 N.H. PST: Starting Search Cycle (LinkedIn, Indeed, JobStreet, Mynimo)...
Lin 15 Mar 2026 06:35:54 N.H. PST: Strategy: Domain Expert - CONTRACT/REMOTE ONLY
Lin 15 Mar 2026 06:35:54 N.H. PST: Running Scraper for: ("Senior QA" OR "Software Tester") AND (Payroll OR POS OR Salesforce OR "E-commerce") AND (Contract OR Remote OR Part-time OR Freelance) NOT ("Full-time" OR Permanent)
Lin 15 Mar 2026 06:35:55 N.H. PST: INFO - No new contract/remote matches found.
Lin 15 Mar 2026 06:35:55 N.H. PST: Sleeping for 58 minutes...
------------------------------------------------
Mar 17 Mar 2026 01:30:26 N.U. PST: Starting Search Cycle (LinkedIn, Indeed, JobStreet, Mynimo)...
Mar 17 Mar 2026 01:30:26 N.U. PST: Strategy: QAOps/Linux Specialist - CONTRACT/REMOTE ONLY
Mar 17 Mar 2026 01:30:26 N.U. PST: Running Scraper for: ("Senior QA" OR "Automation Engineer") AND (Bash OR Shell OR Linux OR DevOps) AND (Contract OR Remote OR Part-time OR Freelance) NOT ("Full-time" OR Permanent)
Mar 17 Mar 2026 01:30:29 N.U. PST: INFO - No new contract/remote matches found.
Mar 17 Mar 2026 01:30:29 N.U. PST: Sleeping for 59 minutes...
------------------------------------------------
Mar 17 Mar 2026 08:32:03 N.U. PST: Starting Search Cycle (LinkedIn, Indeed, JobStreet, Mynimo)...
Mar 17 Mar 2026 08:32:03 N.U. PST: Strategy: QAOps/Linux Specialist - CONTRACT/REMOTE ONLY
Mar 17 Mar 2026 08:32:03 N.U. PST: Running Scraper for: ("Senior QA" OR "Automation Engineer") AND (Bash OR Shell OR Linux OR DevOps) AND (Contract OR Remote OR Part-time OR Freelance) NOT ("Full-time" OR Permanent)
Mar 17 Mar 2026 08:32:05 N.U. PST: INFO - No new contract/remote matches found.
Mar 17 Mar 2026 08:32:05 N.U. PST: Sleeping for 70 minutes...
------------------------------------------------
Miy 18 Mar 2026 07:23:20 N.U. PST: Starting Search Cycle (LinkedIn, Indeed, JobStreet, Mynimo)...
Miy 18 Mar 2026 07:23:20 N.U. PST: Strategy: Domain Expert - CONTRACT/REMOTE ONLY
Miy 18 Mar 2026 07:23:20 N.U. PST: Running Scraper for: ("Senior QA" OR "Software Tester") AND (Payroll OR POS OR Salesforce OR "E-commerce") AND (Contract OR Remote OR Part-time OR Freelance) NOT ("Full-time" OR Permanent)
Miy 18 Mar 2026 07:23:24 N.U. PST: INFO - No new contract/remote matches found.
Miy 18 Mar 2026 07:23:24 N.U. PST: Sleeping for 65 minutes...
------------------------------------------------
Miy 18 Mar 2026 10:17:37 N.H. PST: Starting Search Cycle (LinkedIn, Indeed, JobStreet, Mynimo)...
Miy 18 Mar 2026 10:17:37 N.H. PST: Strategy: Domain Expert - CONTRACT/REMOTE ONLY
Miy 18 Mar 2026 10:17:37 N.H. PST: Running Scraper for: ("Senior QA" OR "Software Tester") AND (Payroll OR POS OR Salesforce OR "E-commerce") AND (Contract OR Remote OR Part-time OR Freelance) NOT ("Full-time" OR Permanent)
Miy 18 Mar 2026 10:17:38 N.H. PST: INFO - No new contract/remote matches found.
Miy 18 Mar 2026 10:17:38 N.H. PST: Sleeping for 66 minutes...
------------------------------------------------
Huw 19 Mar 2026 07:14:57 N.U. PST: Starting Search Cycle (LinkedIn, Indeed, JobStreet, Mynimo)...
Huw 19 Mar 2026 07:14:57 N.U. PST: Strategy: SDET Specialist. Focus on Cypress/Python frameworks - CONTRACT/REMOTE ONLY
Huw 19 Mar 2026 07:14:57 N.U. PST: Running Scraper for: ("Senior QA" OR SDET) AND (Python OR Cypress) AND (Selenium OR Postman OR API) AND (Contract OR Remote OR Part-time OR Freelance) NOT ("Full-time" OR Permanent)
Huw 19 Mar 2026 07:14:59 N.U. PST: INFO - No new contract/remote matches found.
Huw 19 Mar 2026 07:14:59 N.U. PST: Sleeping for 63 minutes...
------------------------------------------------
Huw 19 Mar 2026 07:27:22 N.U. PST: Starting Search Cycle (LinkedIn, Indeed, JobStreet, Mynimo)...
Huw 19 Mar 2026 07:27:22 N.U. PST: Strategy: SDET Specialist. Focus on Cypress/Python frameworks - CONTRACT/REMOTE ONLY
Huw 19 Mar 2026 07:27:22 N.U. PST: Running Scraper for: ("Senior QA" OR SDET) AND (Python OR Cypress) AND (Selenium OR Postman OR API) AND (Contract OR Remote OR Part-time OR Freelance) NOT ("Full-time" OR Permanent)
Huw 19 Mar 2026 07:27:24 N.U. PST: INFO - No new contract/remote matches found.
Huw 19 Mar 2026 07:27:24 N.U. PST: Sleeping for 55 minutes...
------------------------------------------------
Sab 21 Mar 2026 11:53:48 N.U. PST: Starting Search Cycle (LinkedIn, Indeed, JobStreet, Mynimo)...
Sab 21 Mar 2026 11:53:48 N.U. PST: Strategy: Domain Expert - CONTRACT/REMOTE ONLY
Sab 21 Mar 2026 11:53:48 N.U. PST: Running Scraper for: ("Senior QA" OR "Software Tester") AND (Payroll OR POS OR Salesforce OR "E-commerce") AND (Contract OR Remote OR Part-time OR Freelance) NOT ("Full-time" OR Permanent)
Sab 21 Mar 2026 11:53:50 N.U. PST: INFO - No new contract/remote matches found.
Sab 21 Mar 2026 11:53:50 N.U. PST: Sleeping for 65 minutes...
------------------------------------------------
Sab 21 Mar 2026 12:04:10 N.H. PST: Starting Search Cycle (LinkedIn, Indeed, JobStreet, Mynimo)...
Sab 21 Mar 2026 12:04:10 N.H. PST: Strategy: Domain Expert - CONTRACT/REMOTE ONLY
Sab 21 Mar 2026 12:04:10 N.H. PST: Running Scraper for: ("Senior QA" OR "Software Tester") AND (Payroll OR POS OR Salesforce OR "E-commerce") AND (Contract OR Remote OR Part-time OR Freelance) NOT ("Full-time" OR Permanent)
Sab 21 Mar 2026 12:04:12 N.H. PST: INFO - No new contract/remote matches found.
Sab 21 Mar 2026 12:04:12 N.H. PST: Sleeping for 74 minutes...
------------------------------------------------
Sab 21 Mar 2026 06:44:53 N.H. PST: Starting Search Cycle (LinkedIn, Indeed, JobStreet, Mynimo)...
Sab 21 Mar 2026 06:44:53 N.H. PST: Strategy: Domain Expert - CONTRACT/REMOTE ONLY
Sab 21 Mar 2026 06:44:53 N.H. PST: Running Scraper for: ("Senior QA" OR "Software Tester") AND (Payroll OR POS OR Salesforce OR "E-commerce") AND (Contract OR Remote OR Part-time OR Freelance) NOT ("Full-time" OR Permanent)
Sab 21 Mar 2026 06:44:55 N.H. PST: INFO - No new contract/remote matches found.
Sab 21 Mar 2026 06:44:55 N.H. PST: Sleeping for 72 minutes...
------------------------------------------------
Lin 22 Mar 2026 11:22:28 N.U. PST: Starting Search Cycle (LinkedIn, Indeed, JobStreet, Mynimo)...
Lin 22 Mar 2026 11:22:28 N.U. PST: Strategy: SDET Specialist. Focus on Cypress/Python frameworks - CONTRACT/REMOTE ONLY
Lin 22 Mar 2026 11:22:28 N.U. PST: Running Scraper for: ("Senior QA" OR SDET) AND (Python OR Cypress) AND (Selenium OR Postman OR API) AND (Contract OR Remote OR Part-time OR Freelance) NOT ("Full-time" OR Permanent)
Lin 22 Mar 2026 11:22:29 N.U. PST: INFO - No new contract/remote matches found.
Lin 22 Mar 2026 11:22:29 N.U. PST: Sleeping for 68 minutes...
------------------------------------------------
Lin 22 Mar 2026 11:37:40 N.U. PST: Starting Search Cycle (LinkedIn, Indeed, JobStreet, Mynimo)...
Lin 22 Mar 2026 11:37:40 N.U. PST: Strategy: SDET Specialist. Focus on Cypress/Python frameworks - CONTRACT/REMOTE ONLY
Lin 22 Mar 2026 11:37:40 N.U. PST: Running Scraper for: ("Senior QA" OR SDET) AND (Python OR Cypress) AND (Selenium OR Postman OR API) AND (Contract OR Remote OR Part-time OR Freelance) NOT ("Full-time" OR Permanent)
Lin 22 Mar 2026 11:37:42 N.U. PST: INFO - No new contract/remote matches found.
Lin 22 Mar 2026 11:37:42 N.U. PST: Sleeping for 61 minutes...
------------------------------------------------
Lin 22 Mar 2026 12:38:42 N.H. PST: Starting Search Cycle (LinkedIn, Indeed, JobStreet, Mynimo)...
Lin 22 Mar 2026 12:38:42 N.H. PST: Strategy: SDET Specialist. Focus on Cypress/Python frameworks - CONTRACT/REMOTE ONLY
Lin 22 Mar 2026 12:38:42 N.H. PST: Running Scraper for: ("Senior QA" OR SDET) AND (Python OR Cypress) AND (Selenium OR Postman OR API) AND (Contract OR Remote OR Part-time OR Freelance) NOT ("Full-time" OR Permanent)
Lin 22 Mar 2026 12:38:43 N.H. PST: INFO - No new contract/remote matches found.
Lin 22 Mar 2026 12:38:43 N.H. PST: Sleeping for 65 minutes...
------------------------------------------------
Lin 22 Mar 2026 02:28:24 N.H. PST: Starting Search Cycle (LinkedIn, Indeed, JobStreet, Mynimo)...
Lin 22 Mar 2026 02:28:24 N.H. PST: Strategy: SDET Specialist. Focus on Cypress/Python frameworks - CONTRACT/REMOTE ONLY
Lin 22 Mar 2026 02:28:24 N.H. PST: Running Scraper for: ("Senior QA" OR SDET) AND (Python OR Cypress) AND (Selenium OR Postman OR API) AND (Contract OR Remote OR Part-time OR Freelance) NOT ("Full-time" OR Permanent)
Lin 22 Mar 2026 02:28:27 N.H. PST: INFO - No new contract/remote matches found.
Lin 22 Mar 2026 02:28:27 N.H. PST: Sleeping for 72 minutes...
------------------------------------------------
Lin 22 Mar 2026 03:40:27 N.H. PST: Starting Search Cycle (LinkedIn, Indeed, JobStreet, Mynimo)...
Lin 22 Mar 2026 03:40:27 N.H. PST: Strategy: SDET Specialist. Focus on Cypress/Python frameworks - CONTRACT/REMOTE ONLY
Lin 22 Mar 2026 03:40:27 N.H. PST: Running Scraper for: ("Senior QA" OR SDET) AND (Python OR Cypress) AND (Selenium OR Postman OR API) AND (Contract OR Remote OR Part-time OR Freelance) NOT ("Full-time" OR Permanent)
Lin 22 Mar 2026 03:40:28 N.H. PST: INFO - No new contract/remote matches found.
Lin 22 Mar 2026 03:40:28 N.H. PST: Sleeping for 58 minutes...
------------------------------------------------
Lun 23 Mar 2026 10:59:22 N.H. PST: Starting Search Cycle (LinkedIn, Indeed, JobStreet, Mynimo)...
Lun 23 Mar 2026 10:59:22 N.H. PST: Strategy: QAOps/Linux Specialist - CONTRACT/REMOTE ONLY
Lun 23 Mar 2026 10:59:22 N.H. PST: Running Scraper for: ("Senior QA" OR "Automation Engineer") AND (Bash OR Shell OR Linux OR DevOps) AND (Contract OR Remote OR Part-time OR Freelance) NOT ("Full-time" OR Permanent)
Lun 23 Mar 2026 10:59:23 N.H. PST: INFO - No new contract/remote matches found.
Lun 23 Mar 2026 10:59:23 N.H. PST: Sleeping for 58 minutes...
------------------------------------------------
Lun 23 Mar 2026 11:01:28 N.H. PST: Starting Search Cycle (LinkedIn, Indeed, JobStreet, Mynimo)...
Lun 23 Mar 2026 11:01:28 N.H. PST: Strategy: QAOps/Linux Specialist - CONTRACT/REMOTE ONLY
Lun 23 Mar 2026 11:01:28 N.H. PST: Running Scraper for: ("Senior QA" OR "Automation Engineer") AND (Bash OR Shell OR Linux OR DevOps) AND (Contract OR Remote OR Part-time OR Freelance) NOT ("Full-time" OR Permanent)
Lun 23 Mar 2026 11:01:30 N.H. PST: INFO - No new contract/remote matches found.
Lun 23 Mar 2026 11:01:30 N.H. PST: Sleeping for 68 minutes...
------------------------------------------------
Lun 23 Mar 2026 11:12:42 N.H. PST: Starting Search Cycle (LinkedIn, Indeed, JobStreet, Mynimo)...
Lun 23 Mar 2026 11:12:42 N.H. PST: Strategy: QAOps/Linux Specialist - CONTRACT/REMOTE ONLY
Lun 23 Mar 2026 11:12:42 N.H. PST: Running Scraper for: ("Senior QA" OR "Automation Engineer") AND (Bash OR Shell OR Linux OR DevOps) AND (Contract OR Remote OR Part-time OR Freelance) NOT ("Full-time" OR Permanent)
Lun 23 Mar 2026 11:12:44 N.H. PST: INFO - No new contract/remote matches found.
Lun 23 Mar 2026 11:12:44 N.H. PST: Sleeping for 59 minutes...
------------------------------------------------
Lun 23 Mar 2026 11:20:23 N.H. PST: Starting Search Cycle (LinkedIn, Indeed, JobStreet, Mynimo)...
Lun 23 Mar 2026 11:20:23 N.H. PST: Strategy: QAOps/Linux Specialist - CONTRACT/REMOTE ONLY
Lun 23 Mar 2026 11:20:23 N.H. PST: Running Scraper for: ("Senior QA" OR "Automation Engineer") AND (Bash OR Shell OR Linux OR DevOps) AND (Contract OR Remote OR Part-time OR Freelance) NOT ("Full-time" OR Permanent)
Lun 23 Mar 2026 11:20:25 N.H. PST: INFO - No new contract/remote matches found.
Lun 23 Mar 2026 11:20:25 N.H. PST: Sleeping for 64 minutes...
------------------------------------------------
Mar 24 Mar 2026 05:18:26 N.U. PST: Starting Search Cycle (LinkedIn, Indeed, JobStreet, Mynimo)...
Mar 24 Mar 2026 05:18:26 N.U. PST: Strategy: Domain Expert - CONTRACT/REMOTE ONLY
Mar 24 Mar 2026 05:18:26 N.U. PST: Running Scraper for: ("Senior QA" OR "Software Tester") AND (Payroll OR POS OR Salesforce OR "E-commerce") AND (Contract OR Remote OR Part-time OR Freelance) NOT ("Full-time" OR Permanent)
Mar 24 Mar 2026 05:18:28 N.U. PST: INFO - No new contract/remote matches found.
Mar 24 Mar 2026 05:18:28 N.U. PST: Sleeping for 62 minutes...
------------------------------------------------
Mar 24 Mar 2026 05:24:21 N.U. PST: Starting Search Cycle (LinkedIn, Indeed, JobStreet, Mynimo)...
Mar 24 Mar 2026 05:24:21 N.U. PST: Strategy: Domain Expert - CONTRACT/REMOTE ONLY
Mar 24 Mar 2026 05:24:21 N.U. PST: Running Scraper for: ("Senior QA" OR "Software Tester") AND (Payroll OR POS OR Salesforce OR "E-commerce") AND (Contract OR Remote OR Part-time OR Freelance) NOT ("Full-time" OR Permanent)
Mar 24 Mar 2026 05:24:24 N.U. PST: INFO - No new contract/remote matches found.
Mar 24 Mar 2026 05:24:24 N.U. PST: Sleeping for 65 minutes...
------------------------------------------------
Mar 24 Mar 2026 06:45:43 N.U. PST: Starting Search Cycle (LinkedIn, Indeed, JobStreet, Mynimo)...
Mar 24 Mar 2026 06:45:43 N.U. PST: Strategy: Domain Expert - CONTRACT/REMOTE ONLY
Mar 24 Mar 2026 06:45:43 N.U. PST: Running Scraper for: ("Senior QA" OR "Software Tester") AND (Payroll OR POS OR Salesforce OR "E-commerce") AND (Contract OR Remote OR Part-time OR Freelance) NOT ("Full-time" OR Permanent)
Mar 24 Mar 2026 06:45:44 N.U. PST: INFO - No new contract/remote matches found.
Mar 24 Mar 2026 06:45:44 N.U. PST: Sleeping for 73 minutes...
------------------------------------------------
Biy 27 Mar 2026 08:30:48 N.H. PST: Starting Search Cycle (LinkedIn, Indeed, JobStreet, Mynimo)...
Biy 27 Mar 2026 08:30:48 N.H. PST: Strategy: Domain Expert - CONTRACT/REMOTE ONLY
Biy 27 Mar 2026 08:30:48 N.H. PST: Running Scraper for: ("Senior QA" OR "Software Tester") AND (Payroll OR POS OR Salesforce OR "E-commerce") AND (Contract OR Remote OR Part-time OR Freelance) NOT ("Full-time" OR Permanent)
Biy 27 Mar 2026 08:30:50 N.H. PST: INFO - No new contract/remote matches found.
Biy 27 Mar 2026 08:30:50 N.H. PST: Sleeping for 70 minutes...
------------------------------------------------
Biy 27 Mar 2026 08:43:32 N.H. PST: Starting Search Cycle (LinkedIn, Indeed, JobStreet, Mynimo)...
Biy 27 Mar 2026 08:43:32 N.H. PST: Strategy: Domain Expert - CONTRACT/REMOTE ONLY
Biy 27 Mar 2026 08:43:32 N.H. PST: Running Scraper for: ("Senior QA" OR "Software Tester") AND (Payroll OR POS OR Salesforce OR "E-commerce") AND (Contract OR Remote OR Part-time OR Freelance) NOT ("Full-time" OR Permanent)
Biy 27 Mar 2026 08:43:42 N.H. PST: INFO - No new contract/remote matches found.
Biy 27 Mar 2026 08:43:42 N.H. PST: Sleeping for 72 minutes...
------------------------------------------------
Biy 27 Mar 2026 09:55:42 N.H. PST: Starting Search Cycle (LinkedIn, Indeed, JobStreet, Mynimo)...
Biy 27 Mar 2026 09:55:42 N.H. PST: Strategy: Domain Expert - CONTRACT/REMOTE ONLY
Biy 27 Mar 2026 09:55:42 N.H. PST: Running Scraper for: ("Senior QA" OR "Software Tester") AND (Payroll OR POS OR Salesforce OR "E-commerce") AND (Contract OR Remote OR Part-time OR Freelance) NOT ("Full-time" OR Permanent)
Biy 27 Mar 2026 09:55:44 N.H. PST: INFO - No new contract/remote matches found.
Biy 27 Mar 2026 09:55:44 N.H. PST: Sleeping for 64 minutes...
------------------------------------------------
Biy 27 Mar 2026 10:59:44 N.H. PST: Starting Search Cycle (LinkedIn, Indeed, JobStreet, Mynimo)...
Biy 27 Mar 2026 10:59:44 N.H. PST: Strategy: Domain Expert - CONTRACT/REMOTE ONLY
Biy 27 Mar 2026 10:59:44 N.H. PST: Running Scraper for: ("Senior QA" OR "Software Tester") AND (Payroll OR POS OR Salesforce OR "E-commerce") AND (Contract OR Remote OR Part-time OR Freelance) NOT ("Full-time" OR Permanent)
Biy 27 Mar 2026 10:59:46 N.H. PST: INFO - No new contract/remote matches found.
Biy 27 Mar 2026 10:59:46 N.H. PST: Sleeping for 59 minutes...
------------------------------------------------
Biy 27 Mar 2026 11:58:46 N.H. PST: Starting Search Cycle (LinkedIn, Indeed, JobStreet, Mynimo)...
Biy 27 Mar 2026 11:58:46 N.H. PST: Strategy: Domain Expert - CONTRACT/REMOTE ONLY
Biy 27 Mar 2026 11:58:47 N.H. PST: Running Scraper for: ("Senior QA" OR "Software Tester") AND (Payroll OR POS OR Salesforce OR "E-commerce") AND (Contract OR Remote OR Part-time OR Freelance) NOT ("Full-time" OR Permanent)
Biy 27 Mar 2026 11:58:48 N.H. PST: INFO - No new contract/remote matches found.
Biy 27 Mar 2026 11:58:48 N.H. PST: Sleeping for 74 minutes...
------------------------------------------------
Sab 28 Mar 2026 02:58:19 N.U. PST: Starting Search Cycle (LinkedIn, Indeed, JobStreet, Mynimo)...
Sab 28 Mar 2026 02:58:19 N.U. PST: Strategy: SDET Specialist. Focus on Cypress/Python frameworks - CONTRACT/REMOTE ONLY
Sab 28 Mar 2026 02:58:19 N.U. PST: Running Scraper for: ("Senior QA" OR SDET) AND (Python OR Cypress) AND (Selenium OR Postman OR API) AND (Contract OR Remote OR Part-time OR Freelance) NOT ("Full-time" OR Permanent)
Sab 28 Mar 2026 02:58:20 N.U. PST: INFO - No new contract/remote matches found.
Sab 28 Mar 2026 02:58:20 N.U. PST: Sleeping for 71 minutes...
------------------------------------------------
Sab 28 Mar 2026 04:09:20 N.U. PST: Starting Search Cycle (LinkedIn, Indeed, JobStreet, Mynimo)...
Sab 28 Mar 2026 04:09:20 N.U. PST: Strategy: SDET Specialist. Focus on Cypress/Python frameworks - CONTRACT/REMOTE ONLY
Sab 28 Mar 2026 04:09:20 N.U. PST: Running Scraper for: ("Senior QA" OR SDET) AND (Python OR Cypress) AND (Selenium OR Postman OR API) AND (Contract OR Remote OR Part-time OR Freelance) NOT ("Full-time" OR Permanent)
Sab 28 Mar 2026 04:09:21 N.U. PST: INFO - No new contract/remote matches found.
Sab 28 Mar 2026 04:09:21 N.U. PST: Sleeping for 68 minutes...
------------------------------------------------
Sab 28 Mar 2026 04:50:50 N.U. PST: Starting Search Cycle (LinkedIn, Indeed, JobStreet, Mynimo)...
Sab 28 Mar 2026 04:50:50 N.U. PST: Strategy: SDET Specialist. Focus on Cypress/Python frameworks - CONTRACT/REMOTE ONLY
Sab 28 Mar 2026 04:50:50 N.U. PST: Running Scraper for: ("Senior QA" OR SDET) AND (Python OR Cypress) AND (Selenium OR Postman OR API) AND (Contract OR Remote OR Part-time OR Freelance) NOT ("Full-time" OR Permanent)
Sab 28 Mar 2026 04:50:51 N.U. PST: INFO - No new contract/remote matches found.
Sab 28 Mar 2026 04:50:51 N.U. PST: Sleeping for 56 minutes...
------------------------------------------------
Sab 28 Mar 2026 05:10:57 N.U. PST: Starting Search Cycle (LinkedIn, Indeed, JobStreet, Mynimo)...
Sab 28 Mar 2026 05:10:57 N.U. PST: Strategy: SDET Specialist. Focus on Cypress/Python frameworks - CONTRACT/REMOTE ONLY
Sab 28 Mar 2026 05:10:57 N.U. PST: Running Scraper for: ("Senior QA" OR SDET) AND (Python OR Cypress) AND (Selenium OR Postman OR API) AND (Contract OR Remote OR Part-time OR Freelance) NOT ("Full-time" OR Permanent)
Sab 28 Mar 2026 05:10:59 N.U. PST: INFO - No new contract/remote matches found.
Sab 28 Mar 2026 05:10:59 N.U. PST: Sleeping for 64 minutes...
------------------------------------------------
Lin 29 Mar 2026 09:02:15 N.U. PST: Starting Search Cycle (LinkedIn, Indeed, JobStreet, Mynimo)...
Lin 29 Mar 2026 09:02:15 N.U. PST: Strategy: QAOps/Linux Specialist - CONTRACT/REMOTE ONLY
Lin 29 Mar 2026 09:02:15 N.U. PST: Running Scraper for: ("Senior QA" OR "Automation Engineer") AND (Bash OR Shell OR Linux OR DevOps) AND (Contract OR Remote OR Part-time OR Freelance) NOT ("Full-time" OR Permanent)
Lin 29 Mar 2026 09:02:17 N.U. PST: INFO - No new contract/remote matches found.
Lin 29 Mar 2026 09:02:17 N.U. PST: Sleeping for 62 minutes...
------------------------------------------------
Lin 05 Abr 2026 11:23:48 N.H. PST: Starting Search Cycle (LinkedIn, Indeed, JobStreet, Mynimo)...
Lin 05 Abr 2026 11:23:48 N.H. PST: Strategy: Domain Expert - CONTRACT/REMOTE ONLY
Lin 05 Abr 2026 11:23:48 N.H. PST: Running Scraper for: ("Senior QA" OR "Software Tester") AND (Payroll OR POS OR Salesforce OR "E-commerce") AND (Contract OR Remote OR Part-time OR Freelance) NOT ("Full-time" OR Permanent)
Lin 05 Abr 2026 11:23:50 N.H. PST: INFO - No new contract/remote matches found.
Lin 05 Abr 2026 11:23:50 N.H. PST: Sleeping for 70 minutes...
------------------------------------------------
Lin 05 Abr 2026 11:38:33 N.H. PST: Starting Search Cycle (LinkedIn, Indeed, JobStreet, Mynimo)...
Lin 05 Abr 2026 11:38:33 N.H. PST: Strategy: Domain Expert - CONTRACT/REMOTE ONLY
Lin 05 Abr 2026 11:38:33 N.H. PST: Running Scraper for: ("Senior QA" OR "Software Tester") AND (Payroll OR POS OR Salesforce OR "E-commerce") AND (Contract OR Remote OR Part-time OR Freelance) NOT ("Full-time" OR Permanent)
Lin 05 Abr 2026 11:38:35 N.H. PST: INFO - No new contract/remote matches found.
Lin 05 Abr 2026 11:38:35 N.H. PST: Sleeping for 58 minutes...
------------------------------------------------
Lin 05 Abr 2026 11:51:11 N.H. PST: Starting Search Cycle (LinkedIn, Indeed, JobStreet, Mynimo)...
Lin 05 Abr 2026 11:51:11 N.H. PST: Strategy: Domain Expert - CONTRACT/REMOTE ONLY
Lin 05 Abr 2026 11:51:11 N.H. PST: Running Scraper for: ("Senior QA" OR "Software Tester") AND (Payroll OR POS OR Salesforce OR "E-commerce") AND (Contract OR Remote OR Part-time OR Freelance) NOT ("Full-time" OR Permanent)
Lin 05 Abr 2026 11:51:13 N.H. PST: INFO - No new contract/remote matches found.
Lin 05 Abr 2026 11:51:13 N.H. PST: Sleeping for 62 minutes...
------------------------------------------------
Lun 06 Abr 2026 12:53:13 N.U. PST: Starting Search Cycle (LinkedIn, Indeed, JobStreet, Mynimo)...
Lun 06 Abr 2026 12:53:13 N.U. PST: Strategy: SDET Specialist. Focus on Cypress/Python frameworks - CONTRACT/REMOTE ONLY
Lun 06 Abr 2026 12:53:13 N.U. PST: Running Scraper for: ("Senior QA" OR SDET) AND (Python OR Cypress) AND (Selenium OR Postman OR API) AND (Contract OR Remote OR Part-time OR Freelance) NOT ("Full-time" OR Permanent)
Lun 06 Abr 2026 12:53:14 N.U. PST: INFO - No new contract/remote matches found.
Lun 06 Abr 2026 12:53:14 N.U. PST: Sleeping for 58 minutes...
------------------------------------------------
Lun 06 Abr 2026 01:46:01 N.U. PST: Starting Search Cycle (LinkedIn, Indeed, JobStreet, Mynimo)...
Lun 06 Abr 2026 01:46:01 N.U. PST: Strategy: SDET Specialist. Focus on Cypress/Python frameworks - CONTRACT/REMOTE ONLY
Lun 06 Abr 2026 01:46:01 N.U. PST: Running Scraper for: ("Senior QA" OR SDET) AND (Python OR Cypress) AND (Selenium OR Postman OR API) AND (Contract OR Remote OR Part-time OR Freelance) NOT ("Full-time" OR Permanent)
Lun 06 Abr 2026 01:46:04 N.U. PST: INFO - No new contract/remote matches found.
Lun 06 Abr 2026 01:46:04 N.U. PST: Sleeping for 72 minutes...
------------------------------------------------
Lun 06 Abr 2026 02:58:04 N.U. PST: Starting Search Cycle (LinkedIn, Indeed, JobStreet, Mynimo)...
Lun 06 Abr 2026 02:58:04 N.U. PST: Strategy: SDET Specialist. Focus on Cypress/Python frameworks - CONTRACT/REMOTE ONLY
Lun 06 Abr 2026 02:58:04 N.U. PST: Running Scraper for: ("Senior QA" OR SDET) AND (Python OR Cypress) AND (Selenium OR Postman OR API) AND (Contract OR Remote OR Part-time OR Freelance) NOT ("Full-time" OR Permanent)
Lun 06 Abr 2026 02:58:05 N.U. PST: INFO - No new contract/remote matches found.
Lun 06 Abr 2026 02:58:05 N.U. PST: Sleeping for 58 minutes...
------------------------------------------------
Lun 06 Abr 2026 03:56:05 N.U. PST: Starting Search Cycle (LinkedIn, Indeed, JobStreet, Mynimo)...
Lun 06 Abr 2026 03:56:05 N.U. PST: Strategy: SDET Specialist. Focus on Cypress/Python frameworks - CONTRACT/REMOTE ONLY
Lun 06 Abr 2026 03:56:05 N.U. PST: Running Scraper for: ("Senior QA" OR SDET) AND (Python OR Cypress) AND (Selenium OR Postman OR API) AND (Contract OR Remote OR Part-time OR Freelance) NOT ("Full-time" OR Permanent)
Lun 06 Abr 2026 03:56:06 N.U. PST: INFO - No new contract/remote matches found.
Lun 06 Abr 2026 03:56:06 N.U. PST: Sleeping for 59 minutes...
